<?xml version="1.0" encoding="UTF-8"?>
<!-- Generated by org.testng.reporters.JUnitReportReporter -->
<testsuite hostname="Rinku-PC" failures="0" tests="1" name="com.qa.tests.Test1" time="0.073" errors="0" timestamp="30 Oct 2018 09:07:37 GMT" skipped="0">
  <testcase classname="com.qa.tests.Test1" name="test" time="0.073"/>
</testsuite> <!-- com.qa.tests.Test1 -->
